d:\projectapi\_2024\l7\vs2019\tema\service-procese\service\service\service\debug\vc143.pdb
d:\projectapi\_2024\l7\vs2019\tema\service-procese\service\service\service\debug\vc143.idb
d:\projectapi\_2024\l7\vs2019\tema\service-procese\service\service\service\debug\service.obj
d:\projectapi\_2024\l7\vs2019\tema\service-procese\service\service\service\debug\infoservice.obj
d:\projectapi\_2024\l7\vs2019\tema\service-procese\service\service\debug\service.exe
d:\projectapi\_2024\l7\vs2019\tema\service-procese\service\service\debug\service.pdb
d:\projectapi\_2024\l7\vs2019\tema\service-procese\service\service\service\debug\service.ilk
d:\projectapi\_2024\l7\vs2022\tema-final\service-procese\service\service\service\debug\infoservice.obj
d:\projectapi\_2024\l7\vs2022\tema-final\service-procese\service\service\service\debug\service.obj
d:\projectapi\_2024\l7\vs2022\tema-final\service-procese\service\service\service\debug\service.ilk
d:\projectapi\_2024\l7\vs2022\tema-final\service-procese\service\service\service\debug\vc143.idb
d:\projectapi\_2024\l7\vs2022\tema-final\service-procese\service\service\service\debug\vc143.pdb
d:\projectapi\_2024\l7\vs2022\tema-final\service-procese\service\service\debug\service.pdb
d:\projectapi\_2024\l7\vs2022\tema-final\service-procese\service\service\debug\service.exe
d:\projectapi\_2024\l7\vs2022\tema-final\service-procese\service\service\service\debug\service.tlog\cl.command.1.tlog
d:\projectapi\_2024\l7\vs2022\tema-final\service-procese\service\service\service\debug\service.tlog\cl.items.tlog
d:\projectapi\_2024\l7\vs2022\tema-final\service-procese\service\service\service\debug\service.tlog\cl.read.1.tlog
d:\projectapi\_2024\l7\vs2022\tema-final\service-procese\service\service\service\debug\service.tlog\cl.write.1.tlog
d:\projectapi\_2024\l7\vs2022\tema-final\service-procese\service\service\service\debug\service.tlog\link.command.1.tlog
d:\projectapi\_2024\l7\vs2022\tema-final\service-procese\service\service\service\debug\service.tlog\link.read.1.tlog
d:\projectapi\_2024\l7\vs2022\tema-final\service-procese\service\service\service\debug\service.tlog\link.secondary.1.tlog
d:\projectapi\_2024\l7\vs2022\tema-final\service-procese\service\service\service\debug\service.tlog\link.write.1.tlog
